<?xml version="1.0" encoding="UTF-8"?>
<!-- Generated by org.testng.reporters.JUnitReportReporter -->
<testsuite hostname="Thamizh" failures="0" tests="1" name="chromebing.chrometest" time="7.708" errors="0" timestamp="2022-10-30T22:21:08 IST" skipped="0">
  <testcase classname="chromebing.chrometest" name="testcase" time="7.708"/>
  <system-out/>
</testsuite> <!-- chromebing.chrometest -->
